<?xml version="1.0" encoding="UTF-8"?>
<!-- Generated by org.testng.reporters.JUnitXMLReporter -->
<testsuite ignored="1" hostname="DESKTOP-BVD4MT9" failures="1" tests="1" name="Test" time="58.707" errors="0" timestamp="2022-08-16T23:00:15 EDT">
  <testcase classname="homeOwners.HomeTestClass" name="homeTestPlus" time="55.354">
    <failure type="java.lang.AssertionError" message="null">
      <![CDATA[java.lang.AssertionError: null
at commonAction.Commons.click(Commons.java:54)
at object.HomePlusAuto4.clickAuto(HomePlusAuto4.java:24)
at object.HomePlusAuto4.HomePlusAutoSteps(HomePlusAuto4.java:33)
at homeOwners.HomeTestClass.homeTestPlus(HomeTestClass.java:20)
at java.base/java.util.ArrayList.forEach(ArrayList.java:1511)
... Removed 29 stack frames]]>
    </failure>
  </testcase> <!-- homeTestPlus -->
  <testcase classname="homeOwners.HomeTestClass" name="homeTest" time="0.0">
    <ignored/>
  </testcase> <!-- homeTest -->
</testsuite> <!-- Test -->
