<?xml version="1.0" encoding="UTF-8"?>
<testng-results ignored="1" total="2" passed="0" failed="1" skipped="0">
  <reporter-output>
    <line>
      <![CDATA[Homeowners : value visible in  --->[[ChromeDriver: chrome on WINDOWS (926f5be52156da9177a0c3268bbf5c8e)] -> xpath: //select[@id='ProductList']]<br>]]>
    </line>
    <line>
      <![CDATA[11418 : value pass into --->[[ChromeDriver: chrome on WINDOWS (926f5be52156da9177a0c3268bbf5c8e)] -> id: txtZipCode]<br>]]>
    </line>
    <line>
      <![CDATA[[[ChromeDriver: chrome on WINDOWS (926f5be52156da9177a0c3268bbf5c8e)] -> xpath: //button[@id='btnGoZip']]---> This element has been clicked<br>]]>
    </line>
    <line>
      <![CDATA[Proxy element for: DefaultElementLocator 'By.xpath: //span[@class='fancy-checkbox__circle' and contains(.,'auto')]': This element Not Found<br>]]>
    </line>
  </reporter-output>
  <suite started-at="2022-08-16T22:59:16 EDT" name="RegressionSuite" finished-at="2022-08-16T23:00:15 EDT" duration-ms="58707">
    <groups>
    </groups>
    <test started-at="2022-08-16T22:59:16 EDT" name="Test" finished-at="2022-08-16T23:00:15 EDT" duration-ms="58707">
      <class name="homeOwners.HomeTestClass">
        <test-method is-config="true" signature="setUP()[pri:0, instance:homeOwners.HomeTestClass@27462a88]" started-at="2022-08-16T22:59:16 EDT" name="setUP" finished-at="2022-08-16T22:59:20 EDT" duration-ms="3323" status="PASS">
          <reporter-output>
          </reporter-output>
        </test-method> <!-- setUP -->
        <test-method signature="homeTestPlus()[pri:0, instance:homeOwners.HomeTestClass@27462a88]" started-at="2022-08-16T22:59:20 EDT" name="homeTestPlus" finished-at="2022-08-16T23:00:15 EDT" duration-ms="55354" status="FAIL">
          <exception class="java.lang.AssertionError">
            <message>
              <![CDATA[null]]>
            </message>
            <full-stacktrace>
              <![CDATA[java.lang.AssertionError: null
at org.testng.Assert.fail(Assert.java:110)
at org.testng.Assert.fail(Assert.java:115)
at commonAction.Commons.click(Commons.java:54)
at object.HomePlusAuto4.clickAuto(HomePlusAuto4.java:24)
at object.HomePlusAuto4.HomePlusAutoSteps(HomePlusAuto4.java:33)
at homeOwners.HomeTestClass.homeTestPlus(HomeTestClass.java:20)
at java.base/jdk.internal.reflect.NativeMethodAccessorImpl.invoke0(Native Method)
at java.base/jdk.internal.reflect.NativeMethodAccessorImpl.invoke(NativeMethodAccessorImpl.java:77)
at java.base/jdk.internal.reflect.DelegatingMethodAccessorImpl.invoke(DelegatingMethodAccessorImpl.java:43)
at java.base/java.lang.reflect.Method.invoke(Method.java:568)
at org.testng.internal.invokers.MethodInvocationHelper.invokeMethod(MethodInvocationHelper.java:135)
at org.testng.internal.invokers.TestInvoker.invokeMethod(TestInvoker.java:673)
at org.testng.internal.invokers.TestInvoker.invokeTestMethod(TestInvoker.java:220)
at org.testng.internal.invokers.MethodRunner.runInSequence(MethodRunner.java:50)
at org.testng.internal.invokers.TestInvoker$MethodInvocationAgent.invoke(TestInvoker.java:945)
at org.testng.internal.invokers.TestInvoker.invokeTestMethods(TestInvoker.java:193)
at org.testng.internal.invokers.TestMethodWorker.invokeTestMethods(TestMethodWorker.java:146)
at org.testng.internal.invokers.TestMethodWorker.run(TestMethodWorker.java:128)
at java.base/java.util.ArrayList.forEach(ArrayList.java:1511)
at org.testng.TestRunner.privateRun(TestRunner.java:808)
at org.testng.TestRunner.run(TestRunner.java:603)
at org.testng.SuiteRunner.runTest(SuiteRunner.java:429)
at org.testng.SuiteRunner.runSequentially(SuiteRunner.java:423)
at org.testng.SuiteRunner.privateRun(SuiteRunner.java:383)
at org.testng.SuiteRunner.run(SuiteRunner.java:326)
at org.testng.SuiteRunnerWorker.runSuite(SuiteRunnerWorker.java:52)
at org.testng.SuiteRunnerWorker.run(SuiteRunnerWorker.java:95)
at org.testng.TestNG.runSuitesSequentially(TestNG.java:1249)
at org.testng.TestNG.runSuitesLocally(TestNG.java:1169)
at org.testng.TestNG.runSuites(TestNG.java:1092)
at org.testng.TestNG.run(TestNG.java:1060)
at org.testng.remote.AbstractRemoteTestNG.run(AbstractRemoteTestNG.java:115)
at org.testng.remote.RemoteTestNG.initAndRun(RemoteTestNG.java:251)
at org.testng.remote.RemoteTestNG.main(RemoteTestNG.java:77)
]]>
            </full-stacktrace>
          </exception> <!-- java.lang.AssertionError -->
          <reporter-output>
            <line>
              <![CDATA[Homeowners : value visible in  --->[[ChromeDriver: chrome on WINDOWS (926f5be52156da9177a0c3268bbf5c8e)] -> xpath: //select[@id='ProductList']]<br>]]>
            </line>
            <line>
              <![CDATA[11418 : value pass into --->[[ChromeDriver: chrome on WINDOWS (926f5be52156da9177a0c3268bbf5c8e)] -> id: txtZipCode]<br>]]>
            </line>
            <line>
              <![CDATA[[[ChromeDriver: chrome on WINDOWS (926f5be52156da9177a0c3268bbf5c8e)] -> xpath: //button[@id='btnGoZip']]---> This element has been clicked<br>]]>
            </line>
            <line>
              <![CDATA[Proxy element for: DefaultElementLocator 'By.xpath: //span[@class='fancy-checkbox__circle' and contains(.,'auto')]': This element Not Found<br>]]>
            </line>
          </reporter-output>
        </test-method> <!-- homeTestPlus -->
        <test-method is-config="true" signature="terminate()[pri:0, instance:homeOwners.HomeTestClass@27462a88]" started-at="2022-08-16T23:00:15 EDT" name="terminate" finished-at="2022-08-16T23:00:15 EDT" duration-ms="0" status="PASS">
          <reporter-output>
          </reporter-output>
        </test-method> <!-- terminate -->
      </class> <!-- homeOwners.HomeTestClass -->
    </test> <!-- Test -->
  </suite> <!-- RegressionSuite -->
</testng-results>
